<?xml version="1.0" encoding="UTF-8"?>
<testng-results skipped="0" failed="0" ignored="0" total="1" passed="1">
  <reporter-output>
  </reporter-output>
  <suite name="Default suite" duration-ms="75" started-at="2017-06-11T08:11:49Z" finished-at="2017-06-11T08:11:49Z">
    <groups>
    </groups>
    <test name="Default test" duration-ms="75" started-at="2017-06-11T08:11:49Z" finished-at="2017-06-11T08:11:49Z">
      <class name="demo.NewTestng">
        <test-method status="PASS" signature="f()[pri:0, instance:demo.NewTestng@174d20a]" name="f" duration-ms="25" started-at="2017-06-11T13:41:49Z" finished-at="2017-06-11T13:41:49Z">
          <reporter-output>
          </reporter-output>
        </test-method> <!-- f -->
      </class> <!-- demo.NewTestng -->
    </test> <!-- Default test -->
  </suite> <!-- Default suite -->
</testng-results>
